<?xml version="1.0" encoding="UTF-8"?>
<testsuite xmlns:xsi="http://www.w3.org/2001/XMLSchema-instance" xsi:noNamespaceSchemaLocation="https://maven.apache.org/surefire/maven-surefire-plugin/xsd/surefire-test-report.xsd" name="com.SpringbootSchemaApplicationTests" time="9.047" tests="1" errors="0" skipped="0" failures="0">
  <properties>
    <property name="sun.desktop" value="windows"/>
    <property name="awt.toolkit" value="sun.awt.windows.WToolkit"/>
    <property name="file.encoding.pkg" value="sun.io"/>
    <property name="java.specification.version" value="1.8"/>
    <property name="sun.cpu.isalist" value="amd64"/>
    <property name="sun.jnu.encoding" value="GBK"/>
    <property name="java.class.path" value="D:\course\school\code\springboot-schema\target\test-classes;D:\course\school\code\springboot-schema\target\classes;D:\program\java\apache-maven-3.6.1\repository\org\springframework\boot\spring-boot-starter-web\2.2.2.RELEASE\spring-boot-starter-web-2.2.2.RELEASE.jar;D:\program\java\apache-maven-3.6.1\repository\org\springframework\boot\spring-boot-starter\2.2.2.RELEASE\spring-boot-starter-2.2.2.RELEASE.jar;D:\program\java\apache-maven-3.6.1\repository\org\springframework\boot\spring-boot\2.2.2.RELEASE\spring-boot-2.2.2.RELEASE.jar;D:\program\java\apache-maven-3.6.1\repository\org\springframework\boot\spring-boot-starter-logging\2.2.2.RELEASE\spring-boot-starter-logging-2.2.2.RELEASE.jar;D:\program\java\apache-maven-3.6.1\repository\ch\qos\logback\logback-classic\1.2.3\logback-classic-1.2.3.jar;D:\program\java\apache-maven-3.6.1\repository\ch\qos\logback\logback-core\1.2.3\logback-core-1.2.3.jar;D:\program\java\apache-maven-3.6.1\repository\org\apache\logging\log4j\log4j-to-slf4j\2.12.1\log4j-to-slf4j-2.12.1.jar;D:\program\java\apache-maven-3.6.1\repository\org\apache\logging\log4j\log4j-api\2.12.1\log4j-api-2.12.1.jar;D:\program\java\apache-maven-3.6.1\repository\org\slf4j\jul-to-slf4j\1.7.29\jul-to-slf4j-1.7.29.jar;D:\program\java\apache-maven-3.6.1\repository\jakarta\annotation\jakarta.annotation-api\1.3.5\jakarta.annotation-api-1.3.5.jar;D:\program\java\apache-maven-3.6.1\repository\org\yaml\snakeyaml\1.25\snakeyaml-1.25.jar;D:\program\java\apache-maven-3.6.1\repository\org\springframework\boot\spring-boot-starter-json\2.2.2.RELEASE\spring-boot-starter-json-2.2.2.RELEASE.jar;D:\program\java\apache-maven-3.6.1\repository\com\fasterxml\jackson\core\jackson-databind\2.10.1\jackson-databind-2.10.1.jar;D:\program\java\apache-maven-3.6.1\repository\com\fasterxml\jackson\core\jackson-annotations\2.10.1\jackson-annotations-2.10.1.jar;D:\program\java\apache-maven-3.6.1\repository\com\fasterxml\jackson\core\jackson-core\2.10.1\jackson-core-2.10.1.jar;D:\program\java\apache-maven-3.6.1\repository\com\fasterxml\jackson\datatype\jackson-datatype-jdk8\2.10.1\jackson-datatype-jdk8-2.10.1.jar;D:\program\java\apache-maven-3.6.1\repository\com\fasterxml\jackson\datatype\jackson-datatype-jsr310\2.10.1\jackson-datatype-jsr310-2.10.1.jar;D:\program\java\apache-maven-3.6.1\repository\com\fasterxml\jackson\module\jackson-module-parameter-names\2.10.1\jackson-module-parameter-names-2.10.1.jar;D:\program\java\apache-maven-3.6.1\repository\org\springframework\boot\spring-boot-starter-tomcat\2.2.2.RELEASE\spring-boot-starter-tomcat-2.2.2.RELEASE.jar;D:\program\java\apache-maven-3.6.1\repository\org\apache\tomcat\embed\tomcat-embed-core\9.0.29\tomcat-embed-core-9.0.29.jar;D:\program\java\apache-maven-3.6.1\repository\org\apache\tomcat\embed\tomcat-embed-el\9.0.29\tomcat-embed-el-9.0.29.jar;D:\program\java\apache-maven-3.6.1\repository\org\apache\tomcat\embed\tomcat-embed-websocket\9.0.29\tomcat-embed-websocket-9.0.29.jar;D:\program\java\apache-maven-3.6.1\repository\org\springframework\boot\spring-boot-starter-validation\2.2.2.RELEASE\spring-boot-starter-validation-2.2.2.RELEASE.jar;D:\program\java\apache-maven-3.6.1\repository\jakarta\validation\jakarta.validation-api\2.0.1\jakarta.validation-api-2.0.1.jar;D:\program\java\apache-maven-3.6.1\repository\org\hibernate\validator\hibernate-validator\6.0.18.Final\hibernate-validator-6.0.18.Final.jar;D:\program\java\apache-maven-3.6.1\repository\org\jboss\logging\jboss-logging\3.4.1.Final\jboss-logging-3.4.1.Final.jar;D:\program\java\apache-maven-3.6.1\repository\com\fasterxml\classmate\1.5.1\classmate-1.5.1.jar;D:\program\java\apache-maven-3.6.1\repository\org\springframework\spring-web\5.2.2.RELEASE\spring-web-5.2.2.RELEASE.jar;D:\program\java\apache-maven-3.6.1\repository\org\springframework\spring-beans\5.2.2.RELEASE\spring-beans-5.2.2.RELEASE.jar;D:\program\java\apache-maven-3.6.1\repository\org\springframework\spring-webmvc\5.2.2.RELEASE\spring-webmvc-5.2.2.RELEASE.jar;D:\program\java\apache-maven-3.6.1\repository\org\springframework\spring-aop\5.2.2.RELEASE\spring-aop-5.2.2.RELEASE.jar;D:\program\java\apache-maven-3.6.1\repository\org\springframework\spring-context\5.2.2.RELEASE\spring-context-5.2.2.RELEASE.jar;D:\program\java\apache-maven-3.6.1\repository\org\springframework\spring-expression\5.2.2.RELEASE\spring-expression-5.2.2.RELEASE.jar;D:\program\java\apache-maven-3.6.1\repository\org\mybatis\spring\boot\mybatis-spring-boot-starter\2.1.1\mybatis-spring-boot-starter-2.1.1.jar;D:\program\java\apache-maven-3.6.1\repository\org\mybatis\spring\boot\mybatis-spring-boot-autoconfigure\2.1.1\mybatis-spring-boot-autoconfigure-2.1.1.jar;D:\program\java\apache-maven-3.6.1\repository\org\mybatis\mybatis\3.5.3\mybatis-3.5.3.jar;D:\program\java\apache-maven-3.6.1\repository\org\mybatis\mybatis-spring\2.0.3\mybatis-spring-2.0.3.jar;D:\program\java\apache-maven-3.6.1\repository\org\springframework\boot\spring-boot-starter-jdbc\2.2.2.RELEASE\spring-boot-starter-jdbc-2.2.2.RELEASE.jar;D:\program\java\apache-maven-3.6.1\repository\com\zaxxer\HikariCP\3.4.1\HikariCP-3.4.1.jar;D:\program\java\apache-maven-3.6.1\repository\org\slf4j\slf4j-api\1.7.29\slf4j-api-1.7.29.jar;D:\program\java\apache-maven-3.6.1\repository\org\springframework\spring-jdbc\5.2.2.RELEASE\spring-jdbc-5.2.2.RELEASE.jar;D:\program\java\apache-maven-3.6.1\repository\org\springframework\spring-tx\5.2.2.RELEASE\spring-tx-5.2.2.RELEASE.jar;D:\program\java\apache-maven-3.6.1\repository\mysql\mysql-connector-java\8.0.18\mysql-connector-java-8.0.18.jar;D:\program\java\apache-maven-3.6.1\repository\org\apache\shiro\shiro-spring\1.3.2\shiro-spring-1.3.2.jar;D:\program\java\apache-maven-3.6.1\repository\org\apache\shiro\shiro-core\1.3.2\shiro-core-1.3.2.jar;D:\program\java\apache-maven-3.6.1\repository\commons-beanutils\commons-beanutils\1.8.3\commons-beanutils-1.8.3.jar;D:\program\java\apache-maven-3.6.1\repository\org\apache\shiro\shiro-web\1.3.2\shiro-web-1.3.2.jar;D:\program\java\apache-maven-3.6.1\repository\com\baomidou\mybatis-plus\2.3\mybatis-plus-2.3.jar;D:\program\java\apache-maven-3.6.1\repository\com\baomidou\mybatis-plus-support\2.3\mybatis-plus-support-2.3.jar;D:\program\java\apache-maven-3.6.1\repository\com\baomidou\mybatis-plus-core\2.3\mybatis-plus-core-2.3.jar;D:\program\java\apache-maven-3.6.1\repository\com\github\jsqlparser\jsqlparser\1.1\jsqlparser-1.1.jar;D:\program\java\apache-maven-3.6.1\repository\com\baomidou\mybatis-plus-generate\2.3\mybatis-plus-generate-2.3.jar;D:\program\java\apache-maven-3.6.1\repository\com\baomidou\mybatisplus-spring-boot-starter\1.0.5\mybatisplus-spring-boot-starter-1.0.5.jar;D:\program\java\apache-maven-3.6.1\repository\org\springframework\boot\spring-boot-autoconfigure\2.2.2.RELEASE\spring-boot-autoconfigure-2.2.2.RELEASE.jar;D:\program\java\apache-maven-3.6.1\repository\org\springframework\boot\spring-boot-configuration-processor\2.2.2.RELEASE\spring-boot-configuration-processor-2.2.2.RELEASE.jar;D:\program\java\apache-maven-3.6.1\repository\com\google\protobuf\protobuf-java\3.10.0\protobuf-java-3.10.0.jar;D:\program\java\apache-maven-3.6.1\repository\org\apache\commons\commons-lang3\3.0\commons-lang3-3.0.jar;D:\program\java\apache-maven-3.6.1\repository\javax\validation\validation-api\2.0.1.Final\validation-api-2.0.1.Final.jar;D:\program\java\apache-maven-3.6.1\repository\commons-io\commons-io\2.5\commons-io-2.5.jar;D:\program\java\apache-maven-3.6.1\repository\cn\hutool\hutool-all\4.0.12\hutool-all-4.0.12.jar;D:\program\java\apache-maven-3.6.1\repository\com\alibaba\fastjson\1.2.8\fastjson-1.2.8.jar;D:\program\java\apache-maven-3.6.1\repository\com\baidu\aip\java-sdk\4.4.1\java-sdk-4.4.1.jar;D:\program\java\apache-maven-3.6.1\repository\org\json\json\20160810\json-20160810.jar;D:\program\java\apache-maven-3.6.1\repository\log4j\log4j\1.2.17\log4j-1.2.17.jar;D:\program\java\apache-maven-3.6.1\repository\org\springframework\boot\spring-boot-starter-test\2.2.2.RELEASE\spring-boot-starter-test-2.2.2.RELEASE.jar;D:\program\java\apache-maven-3.6.1\repository\org\springframework\boot\spring-boot-test\2.2.2.RELEASE\spring-boot-test-2.2.2.RELEASE.jar;D:\program\java\apache-maven-3.6.1\repository\org\springframework\boot\spring-boot-test-autoconfigure\2.2.2.RELEASE\spring-boot-test-autoconfigure-2.2.2.RELEASE.jar;D:\program\java\apache-maven-3.6.1\repository\com\jayway\jsonpath\json-path\2.4.0\json-path-2.4.0.jar;D:\program\java\apache-maven-3.6.1\repository\net\minidev\json-smart\2.3\json-smart-2.3.jar;D:\program\java\apache-maven-3.6.1\repository\net\minidev\accessors-smart\1.2\accessors-smart-1.2.jar;D:\program\java\apache-maven-3.6.1\repository\org\ow2\asm\asm\5.0.4\asm-5.0.4.jar;D:\program\java\apache-maven-3.6.1\repository\jakarta\xml\bind\jakarta.xml.bind-api\2.3.2\jakarta.xml.bind-api-2.3.2.jar;D:\program\java\apache-maven-3.6.1\repository\jakarta\activation\jakarta.activation-api\1.2.1\jakarta.activation-api-1.2.1.jar;D:\program\java\apache-maven-3.6.1\repository\org\junit\jupiter\junit-jupiter\5.5.2\junit-jupiter-5.5.2.jar;D:\program\java\apache-maven-3.6.1\repository\org\junit\jupiter\junit-jupiter-api\5.5.2\junit-jupiter-api-5.5.2.jar;D:\program\java\apache-maven-3.6.1\repository\org\apiguardian\apiguardian-api\1.1.0\apiguardian-api-1.1.0.jar;D:\program\java\apache-maven-3.6.1\repository\org\opentest4j\opentest4j\1.2.0\opentest4j-1.2.0.jar;D:\program\java\apache-maven-3.6.1\repository\org\junit\platform\junit-platform-commons\1.5.2\junit-platform-commons-1.5.2.jar;D:\program\java\apache-maven-3.6.1\repository\org\junit\jupiter\junit-jupiter-params\5.5.2\junit-jupiter-params-5.5.2.jar;D:\program\java\apache-maven-3.6.1\repository\org\junit\jupiter\junit-jupiter-engine\5.5.2\junit-jupiter-engine-5.5.2.jar;D:\program\java\apache-maven-3.6.1\repository\org\junit\platform\junit-platform-engine\1.5.2\junit-platform-engine-1.5.2.jar;D:\program\java\apache-maven-3.6.1\repository\org\mockito\mockito-junit-jupiter\3.1.0\mockito-junit-jupiter-3.1.0.jar;D:\program\java\apache-maven-3.6.1\repository\org\assertj\assertj-core\3.13.2\assertj-core-3.13.2.jar;D:\program\java\apache-maven-3.6.1\repository\org\hamcrest\hamcrest\2.1\hamcrest-2.1.jar;D:\program\java\apache-maven-3.6.1\repository\org\mockito\mockito-core\3.1.0\mockito-core-3.1.0.jar;D:\program\java\apache-maven-3.6.1\repository\net\bytebuddy\byte-buddy\1.10.4\byte-buddy-1.10.4.jar;D:\program\java\apache-maven-3.6.1\repository\net\bytebuddy\byte-buddy-agent\1.10.4\byte-buddy-agent-1.10.4.jar;D:\program\java\apache-maven-3.6.1\repository\org\objenesis\objenesis\2.6\objenesis-2.6.jar;D:\program\java\apache-maven-3.6.1\repository\org\skyscreamer\jsonassert\1.5.0\jsonassert-1.5.0.jar;D:\program\java\apache-maven-3.6.1\repository\com\vaadin\external\google\android-json\0.0.20131108.vaadin1\android-json-0.0.20131108.vaadin1.jar;D:\program\java\apache-maven-3.6.1\repository\org\springframework\spring-core\5.2.2.RELEASE\spring-core-5.2.2.RELEASE.jar;D:\program\java\apache-maven-3.6.1\repository\org\springframework\spring-jcl\5.2.2.RELEASE\spring-jcl-5.2.2.RELEASE.jar;D:\program\java\apache-maven-3.6.1\repository\org\springframework\spring-test\5.2.2.RELEASE\spring-test-5.2.2.RELEASE.jar;D:\program\java\apache-maven-3.6.1\repository\org\xmlunit\xmlunit-core\2.6.3\xmlunit-core-2.6.3.jar;"/>
    <property name="java.vm.vendor" value="Oracle Corporation"/>
    <property name="sun.arch.data.model" value="64"/>
    <property name="user.variant" value=""/>
    <property name="java.vendor.url" value="http://java.oracle.com/"/>
    <property name="user.timezone" value="Asia/Shanghai"/>
    <property name="java.vm.specification.version" value="1.8"/>
    <property name="os.name" value="Windows 7"/>
    <property name="user.country" value="CN"/>
    <property name="sun.java.launcher" value="SUN_STANDARD"/>
    <property name="sun.boot.library.path" value="D:\program\java\jdk1.8.0_181\jre\bin"/>
    <property name="sun.java.command" value="C:\Users\ADMINI~1\AppData\Local\Temp\surefire3667037130078488736\surefirebooter761329042954073954.jar C:\Users\Administrator\AppData\Local\Temp\surefire3667037130078488736 2020-08-06T21-10-13_708-jvmRun1 surefire997742211485536060tmp surefire_03748053724114136823tmp"/>
    <property name="surefire.test.class.path" value="D:\course\school\code\springboot-schema\target\test-classes;D:\course\school\code\springboot-schema\target\classes;D:\program\java\apache-maven-3.6.1\repository\org\springframework\boot\spring-boot-starter-web\2.2.2.RELEASE\spring-boot-starter-web-2.2.2.RELEASE.jar;D:\program\java\apache-maven-3.6.1\repository\org\springframework\boot\spring-boot-starter\2.2.2.RELEASE\spring-boot-starter-2.2.2.RELEASE.jar;D:\program\java\apache-maven-3.6.1\repository\org\springframework\boot\spring-boot\2.2.2.RELEASE\spring-boot-2.2.2.RELEASE.jar;D:\program\java\apache-maven-3.6.1\repository\org\springframework\boot\spring-boot-starter-logging\2.2.2.RELEASE\spring-boot-starter-logging-2.2.2.RELEASE.jar;D:\program\java\apache-maven-3.6.1\repository\ch\qos\logback\logback-classic\1.2.3\logback-classic-1.2.3.jar;D:\program\java\apache-maven-3.6.1\repository\ch\qos\logback\logback-core\1.2.3\logback-core-1.2.3.jar;D:\program\java\apache-maven-3.6.1\repository\org\apache\logging\log4j\log4j-to-slf4j\2.12.1\log4j-to-slf4j-2.12.1.jar;D:\program\java\apache-maven-3.6.1\repository\org\apache\logging\log4j\log4j-api\2.12.1\log4j-api-2.12.1.jar;D:\program\java\apache-maven-3.6.1\repository\org\slf4j\jul-to-slf4j\1.7.29\jul-to-slf4j-1.7.29.jar;D:\program\java\apache-maven-3.6.1\repository\jakarta\annotation\jakarta.annotation-api\1.3.5\jakarta.annotation-api-1.3.5.jar;D:\program\java\apache-maven-3.6.1\repository\org\yaml\snakeyaml\1.25\snakeyaml-1.25.jar;D:\program\java\apache-maven-3.6.1\repository\org\springframework\boot\spring-boot-starter-json\2.2.2.RELEASE\spring-boot-starter-json-2.2.2.RELEASE.jar;D:\program\java\apache-maven-3.6.1\repository\com\fasterxml\jackson\core\jackson-databind\2.10.1\jackson-databind-2.10.1.jar;D:\program\java\apache-maven-3.6.1\repository\com\fasterxml\jackson\core\jackson-annotations\2.10.1\jackson-annotations-2.10.1.jar;D:\program\java\apache-maven-3.6.1\repository\com\fasterxml\jackson\core\jackson-core\2.10.1\jackson-core-2.10.1.jar;D:\program\java\apache-maven-3.6.1\repository\com\fasterxml\jackson\datatype\jackson-datatype-jdk8\2.10.1\jackson-datatype-jdk8-2.10.1.jar;D:\program\java\apache-maven-3.6.1\repository\com\fasterxml\jackson\datatype\jackson-datatype-jsr310\2.10.1\jackson-datatype-jsr310-2.10.1.jar;D:\program\java\apache-maven-3.6.1\repository\com\fasterxml\jackson\module\jackson-module-parameter-names\2.10.1\jackson-module-parameter-names-2.10.1.jar;D:\program\java\apache-maven-3.6.1\repository\org\springframework\boot\spring-boot-starter-tomcat\2.2.2.RELEASE\spring-boot-starter-tomcat-2.2.2.RELEASE.jar;D:\program\java\apache-maven-3.6.1\repository\org\apache\tomcat\embed\tomcat-embed-core\9.0.29\tomcat-embed-core-9.0.29.jar;D:\program\java\apache-maven-3.6.1\repository\org\apache\tomcat\embed\tomcat-embed-el\9.0.29\tomcat-embed-el-9.0.29.jar;D:\program\java\apache-maven-3.6.1\repository\org\apache\tomcat\embed\tomcat-embed-websocket\9.0.29\tomcat-embed-websocket-9.0.29.jar;D:\program\java\apache-maven-3.6.1\repository\org\springframework\boot\spring-boot-starter-validation\2.2.2.RELEASE\spring-boot-starter-validation-2.2.2.RELEASE.jar;D:\program\java\apache-maven-3.6.1\repository\jakarta\validation\jakarta.validation-api\2.0.1\jakarta.validation-api-2.0.1.jar;D:\program\java\apache-maven-3.6.1\repository\org\hibernate\validator\hibernate-validator\6.0.18.Final\hibernate-validator-6.0.18.Final.jar;D:\program\java\apache-maven-3.6.1\repository\org\jboss\logging\jboss-logging\3.4.1.Final\jboss-logging-3.4.1.Final.jar;D:\program\java\apache-maven-3.6.1\repository\com\fasterxml\classmate\1.5.1\classmate-1.5.1.jar;D:\program\java\apache-maven-3.6.1\repository\org\springframework\spring-web\5.2.2.RELEASE\spring-web-5.2.2.RELEASE.jar;D:\program\java\apache-maven-3.6.1\repository\org\springframework\spring-beans\5.2.2.RELEASE\spring-beans-5.2.2.RELEASE.jar;D:\program\java\apache-maven-3.6.1\repository\org\springframework\spring-webmvc\5.2.2.RELEASE\spring-webmvc-5.2.2.RELEASE.jar;D:\program\java\apache-maven-3.6.1\repository\org\springframework\spring-aop\5.2.2.RELEASE\spring-aop-5.2.2.RELEASE.jar;D:\program\java\apache-maven-3.6.1\repository\org\springframework\spring-context\5.2.2.RELEASE\spring-context-5.2.2.RELEASE.jar;D:\program\java\apache-maven-3.6.1\repository\org\springframework\spring-expression\5.2.2.RELEASE\spring-expression-5.2.2.RELEASE.jar;D:\program\java\apache-maven-3.6.1\repository\org\mybatis\spring\boot\mybatis-spring-boot-starter\2.1.1\mybatis-spring-boot-starter-2.1.1.jar;D:\program\java\apache-maven-3.6.1\repository\org\mybatis\spring\boot\mybatis-spring-boot-autoconfigure\2.1.1\mybatis-spring-boot-autoconfigure-2.1.1.jar;D:\program\java\apache-maven-3.6.1\repository\org\mybatis\mybatis\3.5.3\mybatis-3.5.3.jar;D:\program\java\apache-maven-3.6.1\repository\org\mybatis\mybatis-spring\2.0.3\mybatis-spring-2.0.3.jar;D:\program\java\apache-maven-3.6.1\repository\org\springframework\boot\spring-boot-starter-jdbc\2.2.2.RELEASE\spring-boot-starter-jdbc-2.2.2.RELEASE.jar;D:\program\java\apache-maven-3.6.1\repository\com\zaxxer\HikariCP\3.4.1\HikariCP-3.4.1.jar;D:\program\java\apache-maven-3.6.1\repository\org\slf4j\slf4j-api\1.7.29\slf4j-api-1.7.29.jar;D:\program\java\apache-maven-3.6.1\repository\org\springframework\spring-jdbc\5.2.2.RELEASE\spring-jdbc-5.2.2.RELEASE.jar;D:\program\java\apache-maven-3.6.1\repository\org\springframework\spring-tx\5.2.2.RELEASE\spring-tx-5.2.2.RELEASE.jar;D:\program\java\apache-maven-3.6.1\repository\mysql\mysql-connector-java\8.0.18\mysql-connector-java-8.0.18.jar;D:\program\java\apache-maven-3.6.1\repository\org\apache\shiro\shiro-spring\1.3.2\shiro-spring-1.3.2.jar;D:\program\java\apache-maven-3.6.1\repository\org\apache\shiro\shiro-core\1.3.2\shiro-core-1.3.2.jar;D:\program\java\apache-maven-3.6.1\repository\commons-beanutils\commons-beanutils\1.8.3\commons-beanutils-1.8.3.jar;D:\program\java\apache-maven-3.6.1\repository\org\apache\shiro\shiro-web\1.3.2\shiro-web-1.3.2.jar;D:\program\java\apache-maven-3.6.1\repository\com\baomidou\mybatis-plus\2.3\mybatis-plus-2.3.jar;D:\program\java\apache-maven-3.6.1\repository\com\baomidou\mybatis-plus-support\2.3\mybatis-plus-support-2.3.jar;D:\program\java\apache-maven-3.6.1\repository\com\baomidou\mybatis-plus-core\2.3\mybatis-plus-core-2.3.jar;D:\program\java\apache-maven-3.6.1\repository\com\github\jsqlparser\jsqlparser\1.1\jsqlparser-1.1.jar;D:\program\java\apache-maven-3.6.1\repository\com\baomidou\mybatis-plus-generate\2.3\mybatis-plus-generate-2.3.jar;D:\program\java\apache-maven-3.6.1\repository\com\baomidou\mybatisplus-spring-boot-starter\1.0.5\mybatisplus-spring-boot-starter-1.0.5.jar;D:\program\java\apache-maven-3.6.1\repository\org\springframework\boot\spring-boot-autoconfigure\2.2.2.RELEASE\spring-boot-autoconfigure-2.2.2.RELEASE.jar;D:\program\java\apache-maven-3.6.1\repository\org\springframework\boot\spring-boot-configuration-processor\2.2.2.RELEASE\spring-boot-configuration-processor-2.2.2.RELEASE.jar;D:\program\java\apache-maven-3.6.1\repository\com\google\protobuf\protobuf-java\3.10.0\protobuf-java-3.10.0.jar;D:\program\java\apache-maven-3.6.1\repository\org\apache\commons\commons-lang3\3.0\commons-lang3-3.0.jar;D:\program\java\apache-maven-3.6.1\repository\javax\validation\validation-api\2.0.1.Final\validation-api-2.0.1.Final.jar;D:\program\java\apache-maven-3.6.1\repository\commons-io\commons-io\2.5\commons-io-2.5.jar;D:\program\java\apache-maven-3.6.1\repository\cn\hutool\hutool-all\4.0.12\hutool-all-4.0.12.jar;D:\program\java\apache-maven-3.6.1\repository\com\alibaba\fastjson\1.2.8\fastjson-1.2.8.jar;D:\program\java\apache-maven-3.6.1\repository\com\baidu\aip\java-sdk\4.4.1\java-sdk-4.4.1.jar;D:\program\java\apache-maven-3.6.1\repository\org\json\json\20160810\json-20160810.jar;D:\program\java\apache-maven-3.6.1\repository\log4j\log4j\1.2.17\log4j-1.2.17.jar;D:\program\java\apache-maven-3.6.1\repository\org\springframework\boot\spring-boot-starter-test\2.2.2.RELEASE\spring-boot-starter-test-2.2.2.RELEASE.jar;D:\program\java\apache-maven-3.6.1\repository\org\springframework\boot\spring-boot-test\2.2.2.RELEASE\spring-boot-test-2.2.2.RELEASE.jar;D:\program\java\apache-maven-3.6.1\repository\org\springframework\boot\spring-boot-test-autoconfigure\2.2.2.RELEASE\spring-boot-test-autoconfigure-2.2.2.RELEASE.jar;D:\program\java\apache-maven-3.6.1\repository\com\jayway\jsonpath\json-path\2.4.0\json-path-2.4.0.jar;D:\program\java\apache-maven-3.6.1\repository\net\minidev\json-smart\2.3\json-smart-2.3.jar;D:\program\java\apache-maven-3.6.1\repository\net\minidev\accessors-smart\1.2\accessors-smart-1.2.jar;D:\program\java\apache-maven-3.6.1\repository\org\ow2\asm\asm\5.0.4\asm-5.0.4.jar;D:\program\java\apache-maven-3.6.1\repository\jakarta\xml\bind\jakarta.xml.bind-api\2.3.2\jakarta.xml.bind-api-2.3.2.jar;D:\program\java\apache-maven-3.6.1\repository\jakarta\activation\jakarta.activation-api\1.2.1\jakarta.activation-api-1.2.1.jar;D:\program\java\apache-maven-3.6.1\repository\org\junit\jupiter\junit-jupiter\5.5.2\junit-jupiter-5.5.2.jar;D:\program\java\apache-maven-3.6.1\repository\org\junit\jupiter\junit-jupiter-api\5.5.2\junit-jupiter-api-5.5.2.jar;D:\program\java\apache-maven-3.6.1\repository\org\apiguardian\apiguardian-api\1.1.0\apiguardian-api-1.1.0.jar;D:\program\java\apache-maven-3.6.1\repository\org\opentest4j\opentest4j\1.2.0\opentest4j-1.2.0.jar;D:\program\java\apache-maven-3.6.1\repository\org\junit\platform\junit-platform-commons\1.5.2\junit-platform-commons-1.5.2.jar;D:\program\java\apache-maven-3.6.1\repository\org\junit\jupiter\junit-jupiter-params\5.5.2\junit-jupiter-params-5.5.2.jar;D:\program\java\apache-maven-3.6.1\repository\org\junit\jupiter\junit-jupiter-engine\5.5.2\junit-jupiter-engine-5.5.2.jar;D:\program\java\apache-maven-3.6.1\repository\org\junit\platform\junit-platform-engine\1.5.2\junit-platform-engine-1.5.2.jar;D:\program\java\apache-maven-3.6.1\repository\org\mockito\mockito-junit-jupiter\3.1.0\mockito-junit-jupiter-3.1.0.jar;D:\program\java\apache-maven-3.6.1\repository\org\assertj\assertj-core\3.13.2\assertj-core-3.13.2.jar;D:\program\java\apache-maven-3.6.1\repository\org\hamcrest\hamcrest\2.1\hamcrest-2.1.jar;D:\program\java\apache-maven-3.6.1\repository\org\mockito\mockito-core\3.1.0\mockito-core-3.1.0.jar;D:\program\java\apache-maven-3.6.1\repository\net\bytebuddy\byte-buddy\1.10.4\byte-buddy-1.10.4.jar;D:\program\java\apache-maven-3.6.1\repository\net\bytebuddy\byte-buddy-agent\1.10.4\byte-buddy-agent-1.10.4.jar;D:\program\java\apache-maven-3.6.1\repository\org\objenesis\objenesis\2.6\objenesis-2.6.jar;D:\program\java\apache-maven-3.6.1\repository\org\skyscreamer\jsonassert\1.5.0\jsonassert-1.5.0.jar;D:\program\java\apache-maven-3.6.1\repository\com\vaadin\external\google\android-json\0.0.20131108.vaadin1\android-json-0.0.20131108.vaadin1.jar;D:\program\java\apache-maven-3.6.1\repository\org\springframework\spring-core\5.2.2.RELEASE\spring-core-5.2.2.RELEASE.jar;D:\program\java\apache-maven-3.6.1\repository\org\springframework\spring-jcl\5.2.2.RELEASE\spring-jcl-5.2.2.RELEASE.jar;D:\program\java\apache-maven-3.6.1\repository\org\springframework\spring-test\5.2.2.RELEASE\spring-test-5.2.2.RELEASE.jar;D:\program\java\apache-maven-3.6.1\repository\org\xmlunit\xmlunit-core\2.6.3\xmlunit-core-2.6.3.jar;"/>
    <property name="sun.cpu.endian" value="little"/>
    <property name="user.home" value="C:\Users\Administrator"/>
    <property name="user.language" value="zh"/>
    <property name="java.specification.vendor" value="Oracle Corporation"/>
    <property name="java.home" value="D:\program\java\jdk1.8.0_181\jre"/>
    <property name="basedir" value="D:\course\school\code\springboot-schema"/>
    <property name="file.separator" value="\"/>
    <property name="line.separator" value="&#10;"/>
    <property name="java.vm.specification.vendor" value="Oracle Corporation"/>
    <property name="java.specification.name" value="Java Platform API Specification"/>
    <property name="java.awt.graphicsenv" value="sun.awt.Win32GraphicsEnvironment"/>
    <property name="surefire.real.class.path" value="C:\Users\ADMINI~1\AppData\Local\Temp\surefire3667037130078488736\surefirebooter761329042954073954.jar"/>
    <property name="sun.boot.class.path" value="D:\program\java\jdk1.8.0_181\jre\lib\resources.jar;D:\program\java\jdk1.8.0_181\jre\lib\rt.jar;D:\program\java\jdk1.8.0_181\jre\lib\sunrsasign.jar;D:\program\java\jdk1.8.0_181\jre\lib\jsse.jar;D:\program\java\jdk1.8.0_181\jre\lib\jce.jar;D:\program\java\jdk1.8.0_181\jre\lib\charsets.jar;D:\program\java\jdk1.8.0_181\jre\lib\jfr.jar;D:\program\java\jdk1.8.0_181\jre\classes"/>
    <property name="user.script" value=""/>
    <property name="sun.management.compiler" value="HotSpot 64-Bit Tiered Compilers"/>
    <property name="java.runtime.version" value="1.8.0_181-b13"/>
    <property name="user.name" value="Administrator"/>
    <property name="path.separator" value=";"/>
    <property name="os.version" value="6.1"/>
    <property name="java.endorsed.dirs" value="D:\program\java\jdk1.8.0_181\jre\lib\endorsed"/>
    <property name="java.runtime.name" value="Java(TM) SE Runtime Environment"/>
    <property name="file.encoding" value="GBK"/>
    <property name="java.vm.name" value="Java HotSpot(TM) 64-Bit Server VM"/>
    <property name="localRepository" value="D:\program\java\apache-maven-3.6.1\repository"/>
    <property name="java.vendor.url.bug" value="http://bugreport.sun.com/bugreport/"/>
    <property name="java.io.tmpdir" value="C:\Users\ADMINI~1\AppData\Local\Temp\"/>
    <property name="java.version" value="1.8.0_181"/>
    <property name="user.dir" value="D:\course\school\code\springboot-schema"/>
    <property name="os.arch" value="amd64"/>
    <property name="java.vm.specification.name" value="Java Virtual Machine Specification"/>
    <property name="java.awt.printerjob" value="sun.awt.windows.WPrinterJob"/>
    <property name="sun.os.patch.level" value="Service Pack 1"/>
    <property name="idea.version2019.2" value="true"/>
    <property name="java.library.path" value="D:\program\java\jdk1.8.0_181\jre\bin;C:\windows\Sun\Java\bin;C:\windows\system32;C:\windows;D:\program\java\JetBrains\IntelliJ IDEA 2019.2\jbr\\bin;D:\program\java\JetBrains\IntelliJ IDEA 2019.2\jbr\\bin\server;D:\program\java\jdk1.8.0_181\bin;C:\windows\system32;C:\windows;C:\windows\System32\Wbem;C:\windows\System32\WindowsPowerShell\v1.0\;C:\Program Files\IDM Computer Solutions\UltraEdit;D:\program\PuTTY\;D:\program\java\gradle-5.5-all\bin;C:\ProgramData\ComposerSetup\bin;C:\Program Files\MySQL\MySQL Server 5.7\bin;D:\program\svn\TortoiseSVN\bin;C:\Users\Administrator\AppData\Local\Android\Sdk\platform-tools;C:\Users\Administrator\AppData\Local\Android\Sdk\tools;D:\program\java\apache-maven-3.6.1\bin;E:\program\svn\VisualSVN Server\bin;D:\program\Git\cmd;E:\program\nodejs\;E:\program\nodejs\node_global;C:\Users\Administrator\AppData\Roaming\Composer\vendor\bin;C:\Users\Administrator\AppData\Roaming\npm;."/>
    <property name="java.vm.info" value="mixed mode"/>
    <property name="java.vendor" value="Oracle Corporation"/>
    <property name="java.vm.version" value="25.181-b13"/>
    <property name="java.ext.dirs" value="D:\program\java\jdk1.8.0_181\jre\lib\ext;C:\windows\Sun\Java\lib\ext"/>
    <property name="sun.io.unicode.encoding" value="UnicodeLittle"/>
    <property name="maven.repo.local" value="D:\program\java\apache-maven-3.6.1\repository"/>
    <property name="java.class.version" value="52.0"/>
  </properties>
  <testcase name="contextLoads" classname="com.SpringbootSchemaApplicationTests" time="0.47"/>
</testsuite>